[debug] [2022-04-08T01:13:49.933Z] ----------------------------------------------------------------------
[debug] [2022-04-08T01:13:49.935Z] Command:       /usr/local/bin/node /usr/local/bin/firebase init
[debug] [2022-04-08T01:13:49.936Z] CLI Version:   10.6.0
[debug] [2022-04-08T01:13:49.936Z] Platform:      darwin
[debug] [2022-04-08T01:13:49.936Z] Node Version:  v16.14.0
[debug] [2022-04-08T01:13:49.937Z] Time:          Fri Apr 08 2022 02:13:49 GMT+0100 (Central European Standard Time)
[debug] [2022-04-08T01:13:49.937Z] ----------------------------------------------------------------------
[debug] 
[debug] [2022-04-08T01:13:49.943Z] > command requires scopes: ["email","openid","https://www.googleapis.com/auth/cloudplatformprojects.readonly","https://www.googleapis.com/auth/firebase","https://www.googleapis.com/auth/cloud-platform"]
[debug] [2022-04-08T01:13:49.944Z] > authorizing via signed-in user (wassim22m@gmail.com)
[info] 
     ######## #### ########  ######## ########     ###     ######  ########
     ##        ##  ##     ## ##       ##     ##  ##   ##  ##       ##
     ######    ##  ########  ######   ########  #########  ######  ######
     ##        ##  ##    ##  ##       ##     ## ##     ##       ## ##
     ##       #### ##     ## ######## ########  ##     ##  ######  ########

You're about to initialize a Firebase project in this directory:

  /Users/wassim.miladi/Desktop/proj/client

[info] 
=== Project Setup
[info] 
[info] First, let's associate this project directory with a Firebase project.
[info] You can create multiple project aliases by running firebase use --add, 
[info] but for now we'll just set up a default project.
[info] 
[debug] [2022-04-08T01:14:07.415Z] >>> [apiv2][query] GET https://firebase.googleapis.com/v1beta1/projects pageSize=100
[debug] [2022-04-08T01:14:08.096Z] <<< [apiv2][status] GET https://firebase.googleapis.com/v1beta1/projects 200
[debug] [2022-04-08T01:14:08.096Z] <<< [apiv2][body] GET https://firebase.googleapis.com/v1beta1/projects [omitted]
[info] i  Using project conception-81b1b (conception) 
[info] 
=== Hosting Setup
[info] 
[info] Your public directory is the folder (relative to your project directory) that
[info] will contain Hosting assets to be uploaded with firebase deploy. If you
[info] have a build process for your assets, use your build's output directory.
[info] 
[debug] [2022-04-08T01:14:30.934Z] >>> [apiv2][query] GET https://www.gstatic.com/firebasejs/releases.json [none]
[debug] [2022-04-08T01:14:31.148Z] <<< [apiv2][status] GET https://www.gstatic.com/firebasejs/releases.json 200
[debug] [2022-04-08T01:14:31.148Z] <<< [apiv2][body] GET https://www.gstatic.com/firebasejs/releases.json {"current":{"version":"9.6.10","browserURL":"https://www.gstatic.com/firebasejs/9.6.10/firebase.js","packageURL":"https://www.gstatic.com/firebasejs/9.6.10/firebase.tgz"},"live":{"version":"9.6","browserURL":"https://www.gstatic.com/firebasejs/live/9.6/firebase.js","packageURL":"https://www.gstatic.com/firebasejs/live/9.6/firebase.tgz"},"components":{"analytics":"https://www.gstatic.com/firebasejs/9.6.10/firebase-analytics.js","app":"https://www.gstatic.com/firebasejs/9.6.10/firebase-app.js","app-check":"https://www.gstatic.com/firebasejs/9.6.10/firebase-app-check.js","auth":"https://www.gstatic.com/firebasejs/9.6.10/firebase-auth.js","auth/cordova":"https://www.gstatic.com/firebasejs/9.6.10/firebase-auth/cordova.js","auth/react-native":"https://www.gstatic.com/firebasejs/9.6.10/firebase-auth/react-native.js","functions":"https://www.gstatic.com/firebasejs/9.6.10/firebase-functions.js","firestore":"https://www.gstatic.com/firebasejs/9.6.10/firebase-firestore.js","firestore/lite":"https://www.gstatic.com/firebasejs/9.6.10/firebase-firestore/lite.js","storage":"https://www.gstatic.com/firebasejs/9.6.10/firebase-storage.js","performance":"https://www.gstatic.com/firebasejs/9.6.10/firebase-performance.js","remote-config":"https://www.gstatic.com/firebasejs/9.6.10/firebase-remote-config.js","messaging":"https://www.gstatic.com/firebasejs/9.6.10/firebase-messaging.js","messaging/sw":"https://www.gstatic.com/firebasejs/9.6.10/firebase-messaging/sw.js","database":"https://www.gstatic.com/firebasejs/9.6.10/firebase-database.js","firestore.memory":"https://www.gstatic.com/firebasejs/9.6.10/firebase-firestore.memory.js"}}
[info] ✔  Wrote y/index.html 
[info] 
[info] i  Didn't detect a .git folder. Assuming /Users/wassim.miladi/Desktop/proj/client is the project root. 
[info] i  Authorizing with GitHub to upload your service account to a GitHub repository's secrets store. 
[info] 
[info] Visit this URL on this device to log in:
[info] https://github.com/login/oauth/authorize?client_id=89cf50f02ac6aaed3484&state=789057629&redirect_uri=http%3A%2F%2Flocalhost%3A9005&scope=read%3Auser%20repo%20public_repo
[info] 
[info] Waiting for authentication...
[debug] [2022-04-08T01:14:40.150Z] >>> HTTP REQUEST POST https://github.com/login/oauth/access_token  
 {"client_id":"89cf50f02ac6aaed3484","client_secret":"3330d14abc895d9a74d5f17cd7a00711fa2c5bf0","code":"f48c8f31b5a8e2c1fe38","redirect_uri":"http://localhost:9005","state":"789057629"}
[debug] [2022-04-08T01:14:40.666Z] <<< HTTP RESPONSE 200 {"server":"GitHub.com","date":"Fri, 08 Apr 2022 01:14:40 GMT","content-type":"application/json; charset=utf-8","transfer-encoding":"chunked","vary":"X-PJAX, X-PJAX-Container, Accept-Encoding, Accept, X-Requested-With","permissions-policy":"interest-cohort=()","etag":"W/\"ef5d52069d5507140956622212f0f363\"","cache-control":"max-age=0, private, must-revalidate","strict-transport-security":"max-age=31536000; includeSubdomains; preload","x-frame-options":"deny","x-content-type-options":"nosniff","x-xss-protection":"0","referrer-policy":"origin-when-cross-origin, strict-origin-when-cross-origin","expect-ct":"max-age=2592000, report-uri=\"https://api.github.com/_private/browser/errors\"","content-security-policy":"default-src 'none'; base-uri 'self'; block-all-mixed-content; child-src github.com/assets-cdn/worker/ gist.github.com/assets-cdn/worker/; connect-src 'self' uploads.github.com objects-origin.githubusercontent.com www.githubstatus.com collector.github.com raw.githubusercontent.com api.github.com github-cloud.s3.amazonaws.com github-production-repository-file-5c1aeb.s3.amazonaws.com github-production-upload-manifest-file-7fdce7.s3.amazonaws.com github-production-user-asset-6210df.s3.amazonaws.com cdn.optimizely.com logx.optimizely.com/v1/events translator.github.com *.actions.githubusercontent.com wss://*.actions.githubusercontent.com online.visualstudio.com/api/v1/locations github-production-repository-image-32fea6.s3.amazonaws.com github-production-release-asset-2e65be.s3.amazonaws.com insights.github.com wss://alive.github.com; font-src github.githubassets.com; form-action 'self' github.com gist.github.com objects-origin.githubusercontent.com; frame-ancestors 'none'; frame-src render.githubusercontent.com viewscreen.githubusercontent.com notebooks.githubusercontent.com; img-src 'self' data: github.githubassets.com identicons.github.com github-cloud.s3.amazonaws.com secured-user-images.githubusercontent.com/ *.githubusercontent.com; manifest-src 'self'; media-src github.com user-images.githubusercontent.com/; script-src github.githubassets.com; style-src 'unsafe-inline' github.githubassets.com; worker-src github.com/assets-cdn/worker/ gist.github.com/assets-cdn/worker/","x-github-request-id":"CF9F:C0CA:6B067D:72CA00:624F8C80"}
[debug] [2022-04-08T01:14:40.679Z] >>> [apiv2][query] GET https://api.github.com/user [none]
[debug] [2022-04-08T01:14:41.063Z] <<< [apiv2][status] GET https://api.github.com/user 200
[debug] [2022-04-08T01:14:41.063Z] <<< [apiv2][body] GET https://api.github.com/user {"login":"wa22im","id":29148571,"node_id":"MDQ6VXNlcjI5MTQ4NTcx","avatar_url":"https://avatars.githubusercontent.com/u/29148571?v=4","gravatar_id":"","url":"https://api.github.com/users/wa22im","html_url":"https://github.com/wa22im","followers_url":"https://api.github.com/users/wa22im/followers","following_url":"https://api.github.com/users/wa22im/following{/other_user}","gists_url":"https://api.github.com/users/wa22im/gists{/gist_id}","starred_url":"https://api.github.com/users/wa22im/starred{/owner}{/repo}","subscriptions_url":"https://api.github.com/users/wa22im/subscriptions","organizations_url":"https://api.github.com/users/wa22im/orgs","repos_url":"https://api.github.com/users/wa22im/repos","events_url":"https://api.github.com/users/wa22im/events{/privacy}","received_events_url":"https://api.github.com/users/wa22im/received_events","type":"User","site_admin":false,"name":"wassim miladi","company":null,"blog":"","location":"Tunisia ","email":"wassim22m@gmail.com","hireable":true,"bio":null,"twitter_username":null,"public_repos":21,"public_gists":0,"followers":1,"following":0,"created_at":"2017-06-02T15:48:34Z","updated_at":"2022-04-07T01:49:44Z","private_gists":0,"total_private_repos":14,"owned_private_repos":14,"disk_usage":190764,"collaborators":5,"two_factor_authentication":false,"plan":{"name":"pro","space":976562499,"collaborators":0,"private_repos":9999}}
[info] 
[info] ✔  Success! Logged into GitHub as wa22im 
[info] 
